<?xml version="1.0" encoding="UTF-8"?>
<!-- Generated by org.testng.reporters.JUnitReportReporter -->
<testsuite hostname="CAI-ENG-L034" failures="0" tests="1" name="com.fastshopping.testcases.CreateList2" time="45.886" errors="0" timestamp="2025-08-31T22:37:27 EEST" skipped="0">
  <testcase classname="com.fastshopping.testcases.CreateList2" name="testGoToShoppingLists" time="45.886"/>
</testsuite> <!-- com.fastshopping.testcases.CreateList2 -->
